# JRE version: OpenJDK Runtime Environment (11.0.3+7) (build 11.0.3+7)
# Java VM: OpenJDK 64-Bit Server VM (11.0.3+7, mixed mode, tiered, compressed oops, g1 gc, windows-amd64)
Heap:
 garbage-first heap   total 260096K, used 24024K [0x0000000702000000, 0x0000000800000000)
  region size 1024K, 16 young (16384K), 10 survivors (10240K)
 Metaspace       used 47503K, capacity 48473K, committed 48632K, reserved 1091584K
  class space    used 5464K, capacity 5858K, committed 5888K, reserved 1048576K
GC Heap History (10 events):
Event: 1.356 GC heap before
{Heap before GC invocations=0 (full 0):
 garbage-first heap   total 260096K, used 24576K [0x0000000702000000, 0x0000000800000000)
  region size 1024K, 24 young (24576K), 0 survivors (0K)
 Metaspace       used 13882K, capacity 14138K, committed 14336K, reserved 1062912K
  class space    used 1399K, capacity 1492K, committed 1536K, reserved 1048576K
}
Event: 1.361 GC heap after
{Heap after GC invocations=1 (full 0):
 garbage-first heap   total 260096K, used 6780K [0x0000000702000000, 0x0000000800000000)
  region size 1024K, 3 young (3072K), 3 survivors (3072K)
 Metaspace       used 13882K, capacity 14138K, committed 14336K, reserved 1062912K
  class space    used 1399K, capacity 1492K, committed 1536K, reserved 1048576K
}
Event: 1.951 GC heap before
{Heap before GC invocations=1 (full 0):
 garbage-first heap   total 260096K, used 39548K [0x0000000702000000, 0x0000000800000000)
  region size 1024K, 36 young (36864K), 3 survivors (3072K)
 Metaspace       used 20770K, capacity 21145K, committed 21248K, reserved 1069056K
  class space    used 2409K, capacity 2547K, committed 2560K, reserved 1048576K
}
Event: 1.960 GC heap after
{Heap after GC invocations=2 (full 0):
 garbage-first heap   total 260096K, used 8431K [0x0000000702000000, 0x0000000800000000)
  region size 1024K, 5 young (5120K), 5 survivors (5120K)
 Metaspace       used 20770K, capacity 21145K, committed 21248K, reserved 1069056K
  class space    used 2409K, capacity 2547K, committed 2560K, reserved 1048576K
}
Event: 2.166 GC heap before
{Heap before GC invocations=3 (full 0):
 garbage-first heap   total 260096K, used 52463K [0x0000000702000000, 0x0000000800000000)
  region size 1024K, 50 young (51200K), 5 survivors (5120K)
 Metaspace       used 23373K, capacity 23895K, committed 23936K, reserved 1071104K
  class space    used 2702K, capacity 2910K, committed 2944K, reserved 1048576K
}
Event: 2.172 GC heap after
{Heap after GC invocations=4 (full 0):
 garbage-first heap   total 260096K, used 9386K [0x0000000702000000, 0x0000000800000000)
  region size 1024K, 3 young (3072K), 3 survivors (3072K)
 Metaspace       used 23373K, capacity 23895K, committed 23936K, reserved 1071104K
  class space    used 2702K, capacity 2910K, committed 2944K, reserved 1048576K
}
Event: 3.726 GC heap before
{Heap before GC invocations=4 (full 0):
 garbage-first heap   total 260096K, used 70826K [0x0000000702000000, 0x0000000800000000)
  region size 1024K, 65 young (66560K), 3 survivors (3072K)
 Metaspace       used 34729K, capacity 35462K, committed 35584K, reserved 1081344K
  class space    used 4057K, capacity 4345K, committed 4352K, reserved 1048576K
}
Event: 3.736 GC heap after
{Heap after GC invocations=5 (full 0):
 garbage-first heap   total 260096K, used 12251K [0x0000000702000000, 0x0000000800000000)
  region size 1024K, 6 young (6144K), 6 survivors (6144K)
 Metaspace       used 34729K, capacity 35462K, committed 35584K, reserved 1081344K
  class space    used 4057K, capacity 4345K, committed 4352K, reserved 1048576K
}
Event: 5.808 GC heap before
{Heap before GC invocations=6 (full 0):
 garbage-first heap   total 260096K, used 109531K [0x0000000702000000, 0x0000000800000000)
  region size 1024K, 100 young (102400K), 6 survivors (6144K)
 Metaspace       used 46233K, capacity 47209K, committed 47224K, reserved 1091584K
  class space    used 5350K, capacity 5757K, committed 5760K, reserved 1048576K
}
Event: 5.818 GC heap after
{Heap after GC invocations=7 (full 0):
 garbage-first heap   total 260096K, used 18904K [0x0000000702000000, 0x0000000800000000)
  region size 1024K, 10 young (10240K), 10 survivors (10240K)
 Metaspace       used 46233K, capacity 47209K, committed 47224K, reserved 1091584K
  class space    used 5350K, capacity 5757K, committed 5760K, reserved 1048576K
}

