# JRE version: OpenJDK Runtime Environment (11.0.3+7) (build 11.0.3+7)
# Java VM: OpenJDK 64-Bit Server VM (11.0.3+7, mixed mode, tiered, compressed oops, g1 gc, windows-amd64)
Heap:
 garbage-first heap   total 260096K, used 51866K [0x0000000702000000, 0x0000000800000000)
  region size 1024K, 46 young (47104K), 7 survivors (7168K)
 Metaspace       used 39145K, capacity 40221K, committed 40320K, reserved 1085440K
  class space    used 4689K, capacity 5150K, committed 5248K, reserved 1048576K
GC Heap History (8 events):
Event: 0.910 GC heap before
{Heap before GC invocations=0 (full 0):
 garbage-first heap   total 260096K, used 24576K [0x0000000702000000, 0x0000000800000000)
  region size 1024K, 24 young (24576K), 0 survivors (0K)
 Metaspace       used 10261K, capacity 10575K, committed 10752K, reserved 1058816K
  class space    used 1041K, capacity 1175K, committed 1280K, reserved 1048576K
}
Event: 0.913 GC heap after
{Heap after GC invocations=1 (full 0):
 garbage-first heap   total 260096K, used 6457K [0x0000000702000000, 0x0000000800000000)
  region size 1024K, 3 young (3072K), 3 survivors (3072K)
 Metaspace       used 10261K, capacity 10575K, committed 10752K, reserved 1058816K
  class space    used 1041K, capacity 1175K, committed 1280K, reserved 1048576K
}
Event: 1.936 GC heap before
{Heap before GC invocations=1 (full 0):
 garbage-first heap   total 260096K, used 58681K [0x0000000702000000, 0x0000000800000000)
  region size 1024K, 55 young (56320K), 3 survivors (3072K)
 Metaspace       used 20374K, capacity 20978K, committed 21248K, reserved 1069056K
  class space    used 2313K, capacity 2544K, committed 2560K, reserved 1048576K
}
Event: 1.943 GC heap after
{Heap after GC invocations=2 (full 0):
 garbage-first heap   total 260096K, used 9221K [0x0000000702000000, 0x0000000800000000)
  region size 1024K, 6 young (6144K), 6 survivors (6144K)
 Metaspace       used 20374K, capacity 20978K, committed 21248K, reserved 1069056K
  class space    used 2313K, capacity 2544K, committed 2560K, reserved 1048576K
}
Event: 2.587 GC heap before
{Heap before GC invocations=3 (full 0):
 garbage-first heap   total 260096K, used 62469K [0x0000000702000000, 0x0000000800000000)
  region size 1024K, 59 young (60416K), 6 survivors (6144K)
 Metaspace       used 26976K, capacity 27814K, committed 27904K, reserved 1073152K
  class space    used 3216K, capacity 3546K, committed 3584K, reserved 1048576K
}
Event: 2.599 GC heap after
{Heap after GC invocations=4 (full 0):
 garbage-first heap   total 260096K, used 11015K [0x0000000702000000, 0x0000000800000000)
  region size 1024K, 5 young (5120K), 5 survivors (5120K)
 Metaspace       used 26976K, capacity 27814K, committed 27904K, reserved 1073152K
  class space    used 3216K, capacity 3546K, committed 3584K, reserved 1048576K
}
Event: 3.874 GC heap before
{Heap before GC invocations=4 (full 0):
 garbage-first heap   total 260096K, used 70407K [0x0000000702000000, 0x0000000800000000)
  region size 1024K, 65 young (66560K), 5 survivors (5120K)
 Metaspace       used 34590K, capacity 35478K, committed 35628K, reserved 1081344K
  class space    used 4097K, capacity 4496K, committed 4608K, reserved 1048576K
}
Event: 3.886 GC heap after
{Heap after GC invocations=5 (full 0):
 garbage-first heap   total 260096K, used 12954K [0x0000000702000000, 0x0000000800000000)
  region size 1024K, 7 young (7168K), 7 survivors (7168K)
 Metaspace       used 34590K, capacity 35478K, committed 35628K, reserved 1081344K
  class space    used 4097K, capacity 4496K, committed 4608K, reserved 1048576K
}

