# JRE version: OpenJDK Runtime Environment (11.0.3+7) (build 11.0.3+7)
# Java VM: OpenJDK 64-Bit Server VM (11.0.3+7, mixed mode, tiered, compressed oops, g1 gc, windows-amd64)
Heap:
 garbage-first heap   total 260096K, used 67910K [0x0000000702000000, 0x0000000800000000)
  region size 1024K, 63 young (64512K), 4 survivors (4096K)
 Metaspace       used 33302K, capacity 34101K, committed 34352K, reserved 1079296K
  class space    used 3877K, capacity 4170K, committed 4224K, reserved 1048576K
GC Heap History (6 events):
Event: 0.670 GC heap before
{Heap before GC invocations=0 (full 0):
 garbage-first heap   total 260096K, used 24576K [0x0000000702000000, 0x0000000800000000)
  region size 1024K, 24 young (24576K), 0 survivors (0K)
 Metaspace       used 11187K, capacity 11288K, committed 11392K, reserved 1058816K
  class space    used 1100K, capacity 1147K, committed 1152K, reserved 1048576K
}
Event: 0.673 GC heap after
{Heap after GC invocations=1 (full 0):
 garbage-first heap   total 260096K, used 6412K [0x0000000702000000, 0x0000000800000000)
  region size 1024K, 3 young (3072K), 3 survivors (3072K)
 Metaspace       used 11187K, capacity 11288K, committed 11392K, reserved 1058816K
  class space    used 1100K, capacity 1147K, committed 1152K, reserved 1048576K
}
Event: 1.182 GC heap before
{Heap before GC invocations=1 (full 0):
 garbage-first heap   total 260096K, used 47372K [0x0000000702000000, 0x0000000800000000)
  region size 1024K, 44 young (45056K), 3 survivors (3072K)
 Metaspace       used 20737K, capacity 21127K, committed 21296K, reserved 1069056K
  class space    used 2421K, capacity 2605K, committed 2688K, reserved 1048576K
}
Event: 1.187 GC heap after
{Heap after GC invocations=2 (full 0):
 garbage-first heap   total 260096K, used 8680K [0x0000000702000000, 0x0000000800000000)
  region size 1024K, 6 young (6144K), 6 survivors (6144K)
 Metaspace       used 20737K, capacity 21127K, committed 21296K, reserved 1069056K
  class space    used 2421K, capacity 2605K, committed 2688K, reserved 1048576K
}
Event: 1.342 GC heap before
{Heap before GC invocations=3 (full 0):
 garbage-first heap   total 260096K, used 48616K [0x0000000702000000, 0x0000000800000000)
  region size 1024K, 46 young (47104K), 6 survivors (6144K)
 Metaspace       used 24161K, capacity 24654K, committed 25008K, reserved 1071104K
  class space    used 2781K, capacity 2972K, committed 3072K, reserved 1048576K
}
Event: 1.346 GC heap after
{Heap after GC invocations=4 (full 0):
 garbage-first heap   total 260096K, used 9542K [0x0000000702000000, 0x0000000800000000)
  region size 1024K, 4 young (4096K), 4 survivors (4096K)
 Metaspace       used 24161K, capacity 24654K, committed 25008K, reserved 1071104K
  class space    used 2781K, capacity 2972K, committed 3072K, reserved 1048576K
}

